{"/Users/lcxfs1991/web/steamer/steamer-plugin-task/index.js":{"path":"/Users/lcxfs1991/web/steamer/steamer-plugin-task/index.js","s":{"1":1,"2":1,"3":1,"4":1,"5":1,"6":4,"7":4,"8":4,"9":4,"10":4,"11":4,"12":4,"13":4,"14":4,"15":4,"16":4,"17":3,"18":3,"19":3,"20":3,"21":3,"22":3,"23":2,"24":2,"25":0,"26":2,"27":1,"28":1,"29":1,"30":1,"31":1,"32":1,"33":1,"34":1,"35":1,"36":1,"37":1,"38":0,"39":1,"40":1,"41":0,"42":1,"43":1,"44":3,"45":1,"46":1,"47":0,"48":1,"49":0,"50":0,"51":0,"52":0,"53":1,"54":3,"55":3,"56":0,"57":3,"58":0,"59":2,"60":2,"61":1,"62":1,"63":1,"64":3,"65":2,"66":2,"67":2,"68":1,"69":1,"70":3,"71":3,"72":1,"73":3,"74":3,"75":3,"76":2,"77":1,"78":3,"79":3,"80":3,"81":1,"82":1,"83":2,"84":2,"85":1,"86":1,"87":1,"88":2,"89":1,"90":1,"91":1,"92":1,"93":1,"94":1,"95":1,"96":1,"97":1,"98":1,"99":1,"100":1,"101":0,"102":1,"103":0,"104":0,"105":0,"106":0,"107":1,"108":1,"109":1},"b":{"1":[1,1],"2":[4,4],"3":[3,0],"4":[3,2],"5":[2,1],"6":[3,2],"7":[0,2],"8":[1,0],"9":[1,1],"10":[1,0],"11":[0,1],"12":[0,1],"13":[0,1],"14":[0,3],"15":[0,3],"16":[1,1],"17":[1,0],"18":[2,1],"19":[2,2],"20":[1,1],"21":[1,1],"22":[1,0],"23":[1,0],"24":[0,0]},"f":{"1":4,"2":3,"3":1,"4":3,"5":3,"6":2,"7":3,"8":1,"9":3,"10":1,"11":1,"12":1,"13":1},"fnMap":{"1":{"name":"(anonymous_1)","line":19,"loc":{"start":{"line":19,"column":15},"end":{"line":19,"column":22}}},"2":{"name":"(anonymous_2)","line":33,"loc":{"start":{"line":33,"column":8},"end":{"line":33,"column":15}}},"3":{"name":"(anonymous_3)","line":62,"loc":{"start":{"line":62,"column":7},"end":{"line":62,"column":14}}},"4":{"name":"(anonymous_4)","line":127,"loc":{"start":{"line":127,"column":21},"end":{"line":127,"column":24}}},"5":{"name":"(anonymous_5)","line":140,"loc":{"start":{"line":140,"column":17},"end":{"line":140,"column":28}}},"6":{"name":"(anonymous_6)","line":151,"loc":{"start":{"line":151,"column":15},"end":{"line":151,"column":30}}},"7":{"name":"(anonymous_7)","line":168,"loc":{"start":{"line":168,"column":17},"end":{"line":168,"column":39}}},"8":{"name":"(anonymous_8)","line":184,"loc":{"start":{"line":184,"column":20},"end":{"line":184,"column":26}}},"9":{"name":"(anonymous_9)","line":186,"loc":{"start":{"line":186,"column":7},"end":{"line":186,"column":24}}},"10":{"name":"(anonymous_10)","line":197,"loc":{"start":{"line":197,"column":7},"end":{"line":197,"column":13}}},"11":{"name":"(anonymous_11)","line":214,"loc":{"start":{"line":214,"column":17},"end":{"line":214,"column":41}}},"12":{"name":"(anonymous_12)","line":231,"loc":{"start":{"line":231,"column":19},"end":{"line":231,"column":43}}},"13":{"name":"(anonymous_13)","line":280,"loc":{"start":{"line":280,"column":8},"end":{"line":280,"column":11}}}},"statementMap":{"1":{"start":{"line":7,"column":0},"end":{"line":11,"column":46}},"2":{"start":{"line":13,"column":0},"end":{"line":16,"column":2}},"3":{"start":{"line":13,"column":41},"end":{"line":16,"column":1}},"4":{"start":{"line":14,"column":4},"end":{"line":14,"column":53}},"5":{"start":{"line":15,"column":4},"end":{"line":15,"column":19}},"6":{"start":{"line":20,"column":8},"end":{"line":20,"column":20}},"7":{"start":{"line":21,"column":8},"end":{"line":21,"column":25}},"8":{"start":{"line":22,"column":8},"end":{"line":22,"column":48}},"9":{"start":{"line":23,"column":8},"end":{"line":23,"column":62}},"10":{"start":{"line":24,"column":8},"end":{"line":24,"column":54}},"11":{"start":{"line":25,"column":8},"end":{"line":25,"column":69}},"12":{"start":{"line":26,"column":8},"end":{"line":26,"column":35}},"13":{"start":{"line":27,"column":8},"end":{"line":27,"column":23}},"14":{"start":{"line":28,"column":8},"end":{"line":28,"column":27}},"15":{"start":{"line":29,"column":8},"end":{"line":29,"column":33}},"16":{"start":{"line":30,"column":8},"end":{"line":30,"column":29}},"17":{"start":{"line":34,"column":8},"end":{"line":34,"column":38}},"18":{"start":{"line":35,"column":8},"end":{"line":35,"column":41}},"19":{"start":{"line":38,"column":8},"end":{"line":38,"column":33}},"20":{"start":{"line":40,"column":8},"end":{"line":40,"column":24}},"21":{"start":{"line":41,"column":8},"end":{"line":41,"column":28}},"22":{"start":{"line":43,"column":8},"end":{"line":55,"column":9}},"23":{"start":{"line":44,"column":12},"end":{"line":45,"column":43}},"24":{"start":{"line":47,"column":12},"end":{"line":49,"column":13}},"25":{"start":{"line":48,"column":16},"end":{"line":48,"column":70}},"26":{"start":{"line":51,"column":12},"end":{"line":51,"column":43}},"27":{"start":{"line":53,"column":13},"end":{"line":55,"column":9}},"28":{"start":{"line":54,"column":12},"end":{"line":54,"column":28}},"29":{"start":{"line":64,"column":8},"end":{"line":64,"column":64}},"30":{"start":{"line":65,"column":8},"end":{"line":65,"column":55}},"31":{"start":{"line":66,"column":8},"end":{"line":66,"column":77}},"32":{"start":{"line":67,"column":8},"end":{"line":67,"column":59}},"33":{"start":{"line":69,"column":8},"end":{"line":72,"column":9}},"34":{"start":{"line":70,"column":12},"end":{"line":70,"column":52}},"35":{"start":{"line":71,"column":12},"end":{"line":71,"column":99}},"36":{"start":{"line":73,"column":8},"end":{"line":73,"column":47}},"37":{"start":{"line":75,"column":8},"end":{"line":77,"column":9}},"38":{"start":{"line":76,"column":12},"end":{"line":76,"column":60}},"39":{"start":{"line":79,"column":8},"end":{"line":80,"column":48}},"40":{"start":{"line":82,"column":8},"end":{"line":84,"column":9}},"41":{"start":{"line":83,"column":12},"end":{"line":83,"column":55}},"42":{"start":{"line":86,"column":8},"end":{"line":86,"column":54}},"43":{"start":{"line":87,"column":8},"end":{"line":89,"column":11}},"44":{"start":{"line":88,"column":12},"end":{"line":88,"column":104}},"45":{"start":{"line":96,"column":8},"end":{"line":96,"column":37}},"46":{"start":{"line":97,"column":8},"end":{"line":99,"column":11}},"47":{"start":{"line":98,"column":12},"end":{"line":98,"column":68}},"48":{"start":{"line":101,"column":8},"end":{"line":106,"column":9}},"49":{"start":{"line":102,"column":12},"end":{"line":102,"column":69}},"50":{"start":{"line":103,"column":12},"end":{"line":103,"column":51}},"51":{"start":{"line":104,"column":12},"end":{"line":104,"column":56}},"52":{"start":{"line":105,"column":12},"end":{"line":105,"column":68}},"53":{"start":{"line":108,"column":8},"end":{"line":108,"column":47}},"54":{"start":{"line":128,"column":8},"end":{"line":128,"column":87}},"55":{"start":{"line":129,"column":8},"end":{"line":133,"column":9}},"56":{"start":{"line":130,"column":12},"end":{"line":132,"column":15}},"57":{"start":{"line":141,"column":8},"end":{"line":143,"column":9}},"58":{"start":{"line":142,"column":12},"end":{"line":142,"column":57}},"59":{"start":{"line":152,"column":8},"end":{"line":152,"column":74}},"60":{"start":{"line":154,"column":8},"end":{"line":160,"column":9}},"61":{"start":{"line":155,"column":12},"end":{"line":155,"column":61}},"62":{"start":{"line":158,"column":13},"end":{"line":160,"column":9}},"63":{"start":{"line":159,"column":12},"end":{"line":159,"column":63}},"64":{"start":{"line":169,"column":8},"end":{"line":178,"column":9}},"65":{"start":{"line":170,"column":12},"end":{"line":170,"column":63}},"66":{"start":{"line":171,"column":12},"end":{"line":171,"column":41}},"67":{"start":{"line":172,"column":12},"end":{"line":172,"column":36}},"68":{"start":{"line":175,"column":12},"end":{"line":176,"column":45}},"69":{"start":{"line":177,"column":12},"end":{"line":177,"column":52}},"70":{"start":{"line":180,"column":8},"end":{"line":180,"column":19}},"71":{"start":{"line":187,"column":8},"end":{"line":190,"column":11}},"72":{"start":{"line":198,"column":8},"end":{"line":205,"column":41}},"73":{"start":{"line":199,"column":12},"end":{"line":204,"column":14}},"74":{"start":{"line":200,"column":16},"end":{"line":200,"column":66}},"75":{"start":{"line":201,"column":16},"end":{"line":203,"column":19}},"76":{"start":{"line":202,"column":20},"end":{"line":202,"column":35}},"77":{"start":{"line":216,"column":8},"end":{"line":220,"column":11}},"78":{"start":{"line":217,"column":12},"end":{"line":217,"column":34}},"79":{"start":{"line":218,"column":12},"end":{"line":218,"column":58}},"80":{"start":{"line":219,"column":12},"end":{"line":219,"column":39}},"81":{"start":{"line":222,"column":8},"end":{"line":222,"column":23}},"82":{"start":{"line":232,"column":8},"end":{"line":274,"column":11}},"83":{"start":{"line":233,"column":12},"end":{"line":233,"column":40}},"84":{"start":{"line":235,"column":12},"end":{"line":239,"column":13}},"85":{"start":{"line":236,"column":16},"end":{"line":236,"column":74}},"86":{"start":{"line":237,"column":16},"end":{"line":237,"column":45}},"87":{"start":{"line":238,"column":16},"end":{"line":238,"column":40}},"88":{"start":{"line":241,"column":12},"end":{"line":273,"column":13}},"89":{"start":{"line":242,"column":16},"end":{"line":242,"column":70}},"90":{"start":{"line":243,"column":16},"end":{"line":243,"column":26}},"91":{"start":{"line":244,"column":16},"end":{"line":244,"column":66}},"92":{"start":{"line":246,"column":17},"end":{"line":273,"column":13}},"93":{"start":{"line":247,"column":16},"end":{"line":248,"column":45}},"94":{"start":{"line":250,"column":16},"end":{"line":272,"column":19}},"95":{"start":{"line":251,"column":20},"end":{"line":251,"column":74}},"96":{"start":{"line":252,"column":20},"end":{"line":252,"column":84}},"97":{"start":{"line":254,"column":20},"end":{"line":262,"column":23}},"98":{"start":{"line":255,"column":24},"end":{"line":261,"column":25}},"99":{"start":{"line":256,"column":28},"end":{"line":256,"column":78}},"100":{"start":{"line":257,"column":28},"end":{"line":257,"column":42}},"101":{"start":{"line":260,"column":28},"end":{"line":260,"column":41}},"102":{"start":{"line":264,"column":20},"end":{"line":269,"column":23}},"103":{"start":{"line":265,"column":24},"end":{"line":268,"column":25}},"104":{"start":{"line":266,"column":28},"end":{"line":266,"column":61}},"105":{"start":{"line":267,"column":28},"end":{"line":267,"column":40}},"106":{"start":{"line":271,"column":20},"end":{"line":271,"column":34}},"107":{"start":{"line":281,"column":8},"end":{"line":281,"column":68}},"108":{"start":{"line":282,"column":8},"end":{"line":288,"column":11}},"109":{"start":{"line":292,"column":0},"end":{"line":292,"column":28}}},"branchMap":{"1":{"line":15,"type":"binary-expr","locations":[{"start":{"line":15,"column":4},"end":{"line":15,"column":8}},{"start":{"line":15,"column":12},"end":{"line":15,"column":18}}]},"2":{"line":25,"type":"binary-expr","locations":[{"start":{"line":25,"column":26},"end":{"line":25,"column":49}},{"start":{"line":25,"column":53},"end":{"line":25,"column":68}}]},"3":{"line":34,"type":"binary-expr","locations":[{"start":{"line":34,"column":20},"end":{"line":34,"column":24}},{"start":{"line":34,"column":28},"end":{"line":34,"column":37}}]},"4":{"line":35,"type":"binary-expr","locations":[{"start":{"line":35,"column":20},"end":{"line":35,"column":29}},{"start":{"line":35,"column":33},"end":{"line":35,"column":40}}]},"5":{"line":43,"type":"if","locations":[{"start":{"line":43,"column":8},"end":{"line":43,"column":8}},{"start":{"line":43,"column":8},"end":{"line":43,"column":8}}]},"6":{"line":43,"type":"binary-expr","locations":[{"start":{"line":43,"column":12},"end":{"line":43,"column":24}},{"start":{"line":43,"column":28},"end":{"line":43,"column":34}}]},"7":{"line":47,"type":"if","locations":[{"start":{"line":47,"column":12},"end":{"line":47,"column":12}},{"start":{"line":47,"column":12},"end":{"line":47,"column":12}}]},"8":{"line":53,"type":"if","locations":[{"start":{"line":53,"column":13},"end":{"line":53,"column":13}},{"start":{"line":53,"column":13},"end":{"line":53,"column":13}}]},"9":{"line":53,"type":"binary-expr","locations":[{"start":{"line":53,"column":17},"end":{"line":53,"column":22}},{"start":{"line":53,"column":26},"end":{"line":53,"column":40}}]},"10":{"line":69,"type":"if","locations":[{"start":{"line":69,"column":8},"end":{"line":69,"column":8}},{"start":{"line":69,"column":8},"end":{"line":69,"column":8}}]},"11":{"line":75,"type":"if","locations":[{"start":{"line":75,"column":8},"end":{"line":75,"column":8}},{"start":{"line":75,"column":8},"end":{"line":75,"column":8}}]},"12":{"line":82,"type":"if","locations":[{"start":{"line":82,"column":8},"end":{"line":82,"column":8}},{"start":{"line":82,"column":8},"end":{"line":82,"column":8}}]},"13":{"line":101,"type":"if","locations":[{"start":{"line":101,"column":8},"end":{"line":101,"column":8}},{"start":{"line":101,"column":8},"end":{"line":101,"column":8}}]},"14":{"line":129,"type":"if","locations":[{"start":{"line":129,"column":8},"end":{"line":129,"column":8}},{"start":{"line":129,"column":8},"end":{"line":129,"column":8}}]},"15":{"line":141,"type":"if","locations":[{"start":{"line":141,"column":8},"end":{"line":141,"column":8}},{"start":{"line":141,"column":8},"end":{"line":141,"column":8}}]},"16":{"line":154,"type":"if","locations":[{"start":{"line":154,"column":8},"end":{"line":154,"column":8}},{"start":{"line":154,"column":8},"end":{"line":154,"column":8}}]},"17":{"line":158,"type":"if","locations":[{"start":{"line":158,"column":13},"end":{"line":158,"column":13}},{"start":{"line":158,"column":13},"end":{"line":158,"column":13}}]},"18":{"line":169,"type":"if","locations":[{"start":{"line":169,"column":8},"end":{"line":169,"column":8}},{"start":{"line":169,"column":8},"end":{"line":169,"column":8}}]},"19":{"line":202,"type":"binary-expr","locations":[{"start":{"line":202,"column":20},"end":{"line":202,"column":24}},{"start":{"line":202,"column":28},"end":{"line":202,"column":34}}]},"20":{"line":235,"type":"if","locations":[{"start":{"line":235,"column":12},"end":{"line":235,"column":12}},{"start":{"line":235,"column":12},"end":{"line":235,"column":12}}]},"21":{"line":241,"type":"if","locations":[{"start":{"line":241,"column":12},"end":{"line":241,"column":12}},{"start":{"line":241,"column":12},"end":{"line":241,"column":12}}]},"22":{"line":246,"type":"if","locations":[{"start":{"line":246,"column":17},"end":{"line":246,"column":17}},{"start":{"line":246,"column":17},"end":{"line":246,"column":17}}]},"23":{"line":255,"type":"if","locations":[{"start":{"line":255,"column":24},"end":{"line":255,"column":24}},{"start":{"line":255,"column":24},"end":{"line":255,"column":24}}]},"24":{"line":265,"type":"if","locations":[{"start":{"line":265,"column":24},"end":{"line":265,"column":24}},{"start":{"line":265,"column":24},"end":{"line":265,"column":24}}]}}}}