TN:
SF:/Users/lcxfs1991/web/steamer/steamer-plugin-task/index.js
FN:19,(anonymous_1)
FN:33,(anonymous_2)
FN:62,(anonymous_3)
FN:127,(anonymous_4)
FN:140,(anonymous_5)
FN:151,(anonymous_6)
FN:168,(anonymous_7)
FN:184,(anonymous_8)
FN:186,(anonymous_9)
FN:197,(anonymous_10)
FN:214,(anonymous_11)
FN:231,(anonymous_12)
FN:280,(anonymous_13)
FNF:13
FNH:13
FNDA:4,(anonymous_1)
FNDA:3,(anonymous_2)
FNDA:1,(anonymous_3)
FNDA:3,(anonymous_4)
FNDA:3,(anonymous_5)
FNDA:2,(anonymous_6)
FNDA:3,(anonymous_7)
FNDA:1,(anonymous_8)
FNDA:3,(anonymous_9)
FNDA:1,(anonymous_10)
FNDA:1,(anonymous_11)
FNDA:1,(anonymous_12)
FNDA:1,(anonymous_13)
DA:7,1
DA:13,1
DA:14,1
DA:15,1
DA:20,4
DA:21,4
DA:22,4
DA:23,4
DA:24,4
DA:25,4
DA:26,4
DA:27,4
DA:28,4
DA:29,4
DA:30,4
DA:34,3
DA:35,3
DA:38,3
DA:40,3
DA:41,3
DA:43,3
DA:44,2
DA:47,2
DA:48,0
DA:51,2
DA:53,1
DA:54,1
DA:64,1
DA:65,1
DA:66,1
DA:67,1
DA:69,1
DA:70,1
DA:71,1
DA:73,1
DA:75,1
DA:76,0
DA:79,1
DA:82,1
DA:83,0
DA:86,1
DA:87,1
DA:88,3
DA:96,1
DA:97,1
DA:98,0
DA:101,1
DA:102,0
DA:103,0
DA:104,0
DA:105,0
DA:108,1
DA:128,3
DA:129,3
DA:130,0
DA:141,3
DA:142,0
DA:152,2
DA:154,2
DA:155,1
DA:158,1
DA:159,1
DA:169,3
DA:170,2
DA:171,2
DA:172,2
DA:175,1
DA:177,1
DA:180,3
DA:187,3
DA:198,1
DA:199,3
DA:200,3
DA:201,3
DA:202,2
DA:216,1
DA:217,3
DA:218,3
DA:219,3
DA:222,1
DA:232,1
DA:233,2
DA:235,2
DA:236,1
DA:237,1
DA:238,1
DA:241,2
DA:242,1
DA:243,1
DA:244,1
DA:246,1
DA:247,1
DA:250,1
DA:251,1
DA:252,1
DA:254,1
DA:255,1
DA:256,1
DA:257,1
DA:260,0
DA:264,1
DA:265,0
DA:266,0
DA:267,0
DA:271,0
DA:281,1
DA:282,1
DA:292,1
LF:108
LH:93
BRDA:15,1,0,1
BRDA:15,1,1,1
BRDA:25,2,0,4
BRDA:25,2,1,4
BRDA:34,3,0,3
BRDA:34,3,1,0
BRDA:35,4,0,3
BRDA:35,4,1,2
BRDA:43,5,0,2
BRDA:43,5,1,1
BRDA:43,6,0,3
BRDA:43,6,1,2
BRDA:47,7,0,0
BRDA:47,7,1,2
BRDA:53,8,0,1
BRDA:53,8,1,0
BRDA:53,9,0,1
BRDA:53,9,1,1
BRDA:69,10,0,1
BRDA:69,10,1,0
BRDA:75,11,0,0
BRDA:75,11,1,1
BRDA:82,12,0,0
BRDA:82,12,1,1
BRDA:101,13,0,0
BRDA:101,13,1,1
BRDA:129,14,0,0
BRDA:129,14,1,3
BRDA:141,15,0,0
BRDA:141,15,1,3
BRDA:154,16,0,1
BRDA:154,16,1,1
BRDA:158,17,0,1
BRDA:158,17,1,0
BRDA:169,18,0,2
BRDA:169,18,1,1
BRDA:202,19,0,2
BRDA:202,19,1,2
BRDA:235,20,0,1
BRDA:235,20,1,1
BRDA:241,21,0,1
BRDA:241,21,1,1
BRDA:246,22,0,1
BRDA:246,22,1,0
BRDA:255,23,0,1
BRDA:255,23,1,0
BRDA:265,24,0,0
BRDA:265,24,1,0
BRF:48
BRH:34
end_of_record
